#
# There is insufficient memory for the Java Runtime Environment to continue.
# Native memory allocation (malloc) failed to allocate 1078656 bytes for Chunk::new
# Possible reasons:
#   The system is out of physical RAM or swap space
#   In 32 bit mode, the process size limit was hit
# Possible solutions:
#   Reduce memory load on the system
#   Increase physical memory or swap space
#   Check if swap backing store is full
#   Use 64 bit Java on a 64 bit OS
#   Decrease Java heap size (-Xmx/-Xms)
#   Decrease number of Java threads
#   Decrease Java thread stack sizes (-Xss)
#   Set larger code cache with -XX:ReservedCodeCacheSize=
# This output file may be truncated or incomplete.
#
#  Out of Memory Error (allocation.cpp:323), pid=10244, tid=6536
#
# JRE version: Java(TM) SE Runtime Environment (7.0_51-b13) (build 1.7.0_51-b13)
# Java VM: Java HotSpot(TM) 64-Bit Server VM (24.51-b03 mixed mode windows-amd64 compressed oops)
# Failed to write core dump. Minidumps are not enabled by default on client versions of Windows
#

---------------  T H R E A D  ---------------

Current thread (0x0000000008186000):  JavaThread "C2 CompilerThread1" daemon [_thread_in_native, id=6536, stack(0x0000000009cd0000,0x0000000009dd0000)]

Stack: [0x0000000009cd0000,0x0000000009dd0000]

Current CompileTask:
C2:   3299  627             com.android.dx.merge.DexMerger::transformMethods (126 bytes)


---------------  P R O C E S S  ---------------

Java Threads: ( => current thread )
  0x0000000008187000 JavaThread "Service Thread" daemon [_thread_blocked, id=8724, stack(0x0000000009bb0000,0x0000000009cb0000)]
=>0x0000000008186000 JavaThread "C2 CompilerThread1" daemon [_thread_in_native, id=6536, stack(0x0000000009cd0000,0x0000000009dd0000)]
  0x0000000008180800 JavaThread "C2 CompilerThread0" daemon [_thread_in_native, id=12420, stack(0x0000000009a60000,0x0000000009b60000)]
  0x000000000817e800 JavaThread "Attach Listener" daemon [_thread_blocked, id=11044, stack(0x00000000098c0000,0x00000000099c0000)]
  0x0000000008177800 JavaThread "Signal Dispatcher" daemon [_thread_blocked, id=8460, stack(0x0000000009450000,0x0000000009550000)]
  0x0000000008125800 JavaThread "Finalizer" daemon [_thread_blocked, id=10176, stack(0x00000000096a0000,0x00000000097a0000)]
  0x000000000811c800 JavaThread "Reference Handler" daemon [_thread_blocked, id=9872, stack(0x0000000009560000,0x0000000009660000)]
  0x000000000037f800 JavaThread "main" [_thread_in_Java, id=6220, stack(0x00000000020d0000,0x00000000021d0000)]

Other Threads:
  0x0000000008119000 VMThread [stack: 0x00000000092d0000,0x00000000093d0000] [id=12964]
  0x0000000008198000 WatcherThread [stack: 0x00000000091d0000,0x00000000092d0000] [id=7760]

VM state:not at safepoint (normal execution)

VM Mutex/Monitor currently owned by a thread: None

Heap
 PSYoungGen      total 36352K, used 13196K [0x00000000eaa80000, 0x00000000ef180000, 0x0000000100000000)
  eden space 31232K, 25% used [0x00000000eaa80000,0x00000000eb26a198,0x00000000ec900000)
  from space 5120K, 99% used [0x00000000ec900000,0x00000000ecdf9068,0x00000000ece00000)
  to   space 5120K, 0% used [0x00000000eec80000,0x00000000eec80000,0x00000000ef180000)
 ParOldGen       total 82432K, used 17336K [0x00000000c0000000, 0x00000000c5080000, 0x00000000eaa80000)
  object space 82432K, 21% used [0x00000000c0000000,0x00000000c10ee100,0x00000000c5080000)
 PSPermGen       total 21504K, used 6815K [0x00000000bae00000, 0x00000000bc300000, 0x00000000c0000000)
  object space 21504K, 31% used [0x00000000bae00000,0x00000000bb4a7dc0,0x00000000bc300000)

Card table byte_map: [0x00000000051d0000,0x0000000005400000] byte_map_base: 0x0000000004bf9000

Polling page: 0x0000000000350000

Code Cache  [0x00000000021d0000, 0x0000000002440000, 0x00000000051d0000)
 total_blobs=901 nmethods=645 adapters=208 free_code_cache=47276Kb largest_free_block=48367872

Compilation events (10 events):
Event: 3.270 Thread 0x0000000008180800 nmethod 647 0x0000000002299350 code [0x00000000022994a0, 0x0000000002299678]
Event: 3.270 Thread 0x0000000008180800  648             com.android.dx.io.instructions.InstructionCodec$13::encode (22 bytes)
Event: 3.273 Thread 0x0000000008180800 nmethod 648 0x0000000002298e10 code [0x0000000002298f60, 0x00000000022990f8]
Event: 3.273 Thread 0x0000000008180800  649             com.android.dex.ClassData$Method::getMethodIndex (5 bytes)
Event: 3.273 Thread 0x0000000008180800 nmethod 649 0x00000000023adb10 code [0x00000000023adc40, 0x00000000023adc98]
Event: 3.273 Thread 0x0000000008180800  650             com.android.dex.ClassData$Method::getAccessFlags (5 bytes)
Event: 3.273 Thread 0x0000000008180800 nmethod 650 0x0000000002298c10 code [0x0000000002298d40, 0x0000000002298d98]
Event: 3.273 Thread 0x0000000008180800  651             com.android.dx.io.instructions.DecodedInstruction::getTarget (7 bytes)
Event: 3.273 Thread 0x0000000008180800 nmethod 651 0x0000000002298a10 code [0x0000000002298b40, 0x0000000002298b98]
Event: 3.274 Thread 0x0000000008180800  652             com.android.dex.Dex::readCode (28 bytes)

GC Heap History (6 events):
Event: 1.172 GC heap before
{Heap before GC invocations=1 (full 0):
 PSYoungGen      total 36352K, used 31232K [0x00000000eaa80000, 0x00000000ed300000, 0x0000000100000000)
  eden space 31232K, 100% used [0x00000000eaa80000,0x00000000ec900000,0x00000000ec900000)
  from space 5120K, 0% used [0x00000000ece00000,0x00000000ece00000,0x00000000ed300000)
  to   space 5120K, 0% used [0x00000000ec900000,0x00000000ec900000,0x00000000ece00000)
 ParOldGen       total 82432K, used 0K [0x00000000c0000000, 0x00000000c5080000, 0x00000000eaa80000)
  object space 82432K, 0% used [0x00000000c0000000,0x00000000c0000000,0x00000000c5080000)
 PSPermGen       total 21504K, used 5022K [0x00000000bae00000, 0x00000000bc300000, 0x00000000c0000000)
  object space 21504K, 23% used [0x00000000bae00000,0x00000000bb2e7970,0x00000000bc300000)
Event: 1.180 GC heap after
Heap after GC invocations=1 (full 0):
 PSYoungGen      total 36352K, used 5115K [0x00000000eaa80000, 0x00000000ed300000, 0x0000000100000000)
  eden space 31232K, 0% used [0x00000000eaa80000,0x00000000eaa80000,0x00000000ec900000)
  from space 5120K, 99% used [0x00000000ec900000,0x00000000ecdfedc0,0x00000000ece00000)
  to   space 5120K, 0% used [0x00000000ece00000,0x00000000ece00000,0x00000000ed300000)
 ParOldGen       total 82432K, used 1004K [0x00000000c0000000, 0x00000000c5080000, 0x00000000eaa80000)
  object space 82432K, 1% used [0x00000000c0000000,0x00000000c00fb308,0x00000000c5080000)
 PSPermGen       total 21504K, used 5022K [0x00000000bae00000, 0x00000000bc300000, 0x00000000c0000000)
  object space 21504K, 23% used [0x00000000bae00000,0x00000000bb2e7970,0x00000000bc300000)
}
Event: 2.883 GC heap before
{Heap before GC invocations=2 (full 0):
 PSYoungGen      total 36352K, used 36347K [0x00000000eaa80000, 0x00000000ed300000, 0x0000000100000000)
  eden space 31232K, 100% used [0x00000000eaa80000,0x00000000ec900000,0x00000000ec900000)
  from space 5120K, 99% used [0x00000000ec900000,0x00000000ecdfedc0,0x00000000ece00000)
  to   space 5120K, 0% used [0x00000000ece00000,0x00000000ece00000,0x00000000ed300000)
 ParOldGen       total 82432K, used 1004K [0x00000000c0000000, 0x00000000c5080000, 0x00000000eaa80000)
  object space 82432K, 1% used [0x00000000c0000000,0x00000000c00fb308,0x00000000c5080000)
 PSPermGen       total 21504K, used 6750K [0x00000000bae00000, 0x00000000bc300000, 0x00000000c0000000)
  object space 21504K, 31% used [0x00000000bae00000,0x00000000bb497910,0x00000000bc300000)
Event: 2.890 GC heap after
Heap after GC invocations=2 (full 0):
 PSYoungGen      total 36352K, used 5113K [0x00000000eaa80000, 0x00000000ed300000, 0x0000000100000000)
  eden space 31232K, 0% used [0x00000000eaa80000,0x00000000eaa80000,0x00000000ec900000)
  from space 5120K, 99% used [0x00000000ece00000,0x00000000ed2fe5d0,0x00000000ed300000)
  to   space 5120K, 0% used [0x00000000ec900000,0x00000000ec900000,0x00000000ece00000)
 ParOldGen       total 82432K, used 4161K [0x00000000c0000000, 0x00000000c5080000, 0x00000000eaa80000)
  object space 82432K, 5% used [0x00000000c0000000,0x00000000c04106f8,0x00000000c5080000)
 PSPermGen       total 21504K, used 6750K [0x00000000bae00000, 0x00000000bc300000, 0x00000000c0000000)
  object space 21504K, 31% used [0x00000000bae00000,0x00000000bb497910,0x00000000bc300000)
}
Event: 3.196 GC heap before
{Heap before GC invocations=3 (full 0):
 PSYoungGen      total 36352K, used 36345K [0x00000000eaa80000, 0x00000000ed300000, 0x0000000100000000)
  eden space 31232K, 100% used [0x00000000eaa80000,0x00000000ec900000,0x00000000ec900000)
  from space 5120K, 99% used [0x00000000ece00000,0x00000000ed2fe5d0,0x00000000ed300000)
  to   space 5120K, 0% used [0x00000000ec900000,0x00000000ec900000,0x00000000ece00000)
 ParOldGen       total 82432K, used 4161K [0x00000000c0000000, 0x00000000c5080000, 0x00000000eaa80000)
  object space 82432K, 5% used [0x00000000c0000000,0x00000000c04106f8,0x00000000c5080000)
 PSPermGen       total 21504K, used 6806K [0x00000000bae00000, 0x00000000bc300000, 0x00000000c0000000)
  object space 21504K, 31% used [0x00000000bae00000,0x00000000bb4a5810,0x00000000bc300000)
Event: 3.207 GC heap after
Heap after GC invocations=3 (full 0):
 PSYoungGen      total 36352K, used 5092K [0x00000000eaa80000, 0x00000000ef180000, 0x0000000100000000)
  eden space 31232K, 0% used [0x00000000eaa80000,0x00000000eaa80000,0x00000000ec900000)
  from space 5120K, 99% used [0x00000000ec900000,0x00000000ecdf9068,0x00000000ece00000)
  to   space 5120K, 0% used [0x00000000eec80000,0x00000000eec80000,0x00000000ef180000)
 ParOldGen       total 82432K, used 17336K [0x00000000c0000000, 0x00000000c5080000, 0x00000000eaa80000)
  object space 82432K, 21% used [0x00000000c0000000,0x00000000c10ee100,0x00000000c5080000)
 PSPermGen       total 21504K, used 6806K [0x00000000bae00000, 0x00000000bc300000, 0x00000000c0000000)
  object space 21504K, 31% used [0x00000000bae00000,0x00000000bb4a5810,0x00000000bc300000)
}

Deoptimization events (10 events):
Event: 2.636 Thread 0x000000000037f800 Uncommon trap: reason=class_check action=maybe_recompile pc=0x00000000022b3e60 method=java.util.HashMap.<init>(IF)V @ 115
Event: 2.677 Thread 0x000000000037f800 Uncommon trap: reason=class_check action=maybe_recompile pc=0x000000000235461c method=com.android.dex.Leb128.writeUnsignedLeb128(Lcom/android/dex/util/ByteOutput;I)V @ 40
Event: 2.677 Thread 0x000000000037f800 Uncommon trap: reason=class_check action=maybe_recompile pc=0x000000000235461c method=com.android.dex.Leb128.writeUnsignedLeb128(Lcom/android/dex/util/ByteOutput;I)V @ 40
Event: 2.677 Thread 0x000000000037f800 Uncommon trap: reason=class_check action=maybe_recompile pc=0x000000000235461c method=com.android.dex.Leb128.writeUnsignedLeb128(Lcom/android/dex/util/ByteOutput;I)V @ 40
Event: 2.677 Thread 0x000000000037f800 Uncommon trap: reason=class_check action=maybe_recompile pc=0x000000000235461c method=com.android.dex.Leb128.writeUnsignedLeb128(Lcom/android/dex/util/ByteOutput;I)V @ 40
Event: 2.843 Thread 0x000000000037f800 Uncommon trap: reason=class_check action=maybe_recompile pc=0x00000000023659e8 method=com.android.dex.Leb128.readUnsignedLeb128(Lcom/android/dex/util/ByteInput;)I @ 5
Event: 2.843 Thread 0x000000000037f800 Uncommon trap: reason=class_check action=maybe_recompile pc=0x00000000023659e8 method=com.android.dex.Leb128.readUnsignedLeb128(Lcom/android/dex/util/ByteInput;)I @ 5
Event: 2.843 Thread 0x000000000037f800 Uncommon trap: reason=class_check action=maybe_recompile pc=0x00000000023659e8 method=com.android.dex.Leb128.readUnsignedLeb128(Lcom/android/dex/util/ByteInput;)I @ 5
Event: 2.843 Thread 0x000000000037f800 Uncommon trap: reason=class_check action=maybe_recompile pc=0x00000000023659e8 method=com.android.dex.Leb128.readUnsignedLeb128(Lcom/android/dex/util/ByteInput;)I @ 5
Event: 2.949 Thread 0x000000000037f800 Uncommon trap: reason=predicate action=maybe_recompile pc=0x000000000236fb74 method=com.android.dex.Leb128.readUnsignedLeb128(Lcom/android/dex/util/ByteInput;)I @ 41

Internal exceptions (10 events):
Event: 2.752 Thread 0x000000000037f800 Threw 0x00000000ec4fca90 at C:\re\jdk7u51\527\hotspot\src\share\vm\prims\jvm.cpp:1244
Event: 2.753 Thread 0x000000000037f800 Threw 0x00000000ec4ffcb8 at C:\re\jdk7u51\527\hotspot\src\share\vm\prims\jvm.cpp:1244
Event: 2.753 Thread 0x000000000037f800 Threw 0x00000000ec502fc0 at C:\re\jdk7u51\527\hotspot\src\share\vm\prims\jvm.cpp:1244
Event: 2.754 Thread 0x000000000037f800 Threw 0x00000000ec506aa0 at C:\re\jdk7u51\527\hotspot\src\share\vm\prims\jvm.cpp:1244
Event: 2.755 Thread 0x000000000037f800 Threw 0x00000000ec509aa0 at C:\re\jdk7u51\527\hotspot\src\share\vm\prims\jvm.cpp:1244
Event: 2.755 Thread 0x000000000037f800 Threw 0x00000000ec50cc60 at C:\re\jdk7u51\527\hotspot\src\share\vm\prims\jvm.cpp:1244
Event: 2.756 Thread 0x000000000037f800 Threw 0x00000000ec510260 at C:\re\jdk7u51\527\hotspot\src\share\vm\prims\jvm.cpp:1244
Event: 2.760 Thread 0x000000000037f800 Threw 0x00000000ec5178e8 at C:\re\jdk7u51\527\hotspot\src\share\vm\prims\jvm.cpp:1244
Event: 2.760 Thread 0x000000000037f800 Threw 0x00000000ec519c58 at C:\re\jdk7u51\527\hotspot\src\share\vm\prims\jvm.cpp:1244
Event: 3.085 Thread 0x000000000037f800 Threw 0x00000000eb870478 at C:\re\jdk7u51\527\hotspot\src\share\vm\prims\jvm.cpp:1244

Events (10 events):
Event: 2.899 Thread 0x0000000008180800 flushing nmethod 0x00000000022554d0
Event: 2.923 Thread 0x0000000008186000 flushing nmethod 0x000000000228f850
Event: 2.949 Thread 0x000000000037f800 Uncommon trap: trap_request=0xffffff86 fr.pc=0x000000000236fb74
Event: 2.949 Thread 0x000000000037f800 DEOPT PACKING pc=0x000000000236fb74 sp=0x00000000021cede0
Event: 2.949 Thread 0x000000000037f800 DEOPT UNPACKING pc=0x00000000022075a4 sp=0x00000000021ced88 mode 2
Event: 3.085 loading class 0x000000000a2bddb0
Event: 3.085 loading class 0x000000000a2bddb0 done
Event: 3.196 Executing VM operation: ParallelGCFailedAllocation
Event: 3.207 Executing VM operation: ParallelGCFailedAllocation done
Event: 3.224 Thread 0x0000000008180800 flushing nmethod 0x0000000002293850


Dynamic libraries:
0x000000013f1b0000 - 0x000000013f1e3000 	C:\Program Files\Java\jdk1.7.0_51\bin\java.exe
0x0000000077130000 - 0x00000000772d9000 	C:\Windows\SYSTEM32\ntdll.dll
0x0000000076f10000 - 0x000000007702f000 	C:\Windows\system32\kernel32.dll
0x000007fefd240000 - 0x000007fefd2ac000 	C:\Windows\system32\KERNELBASE.dll
0x000007feff360000 - 0x000007feff43b000 	C:\Windows\system32\ADVAPI32.dll
0x000007fefee40000 - 0x000007fefeedf000 	C:\Windows\system32\msvcrt.dll
0x000007fefec40000 - 0x000007fefec5f000 	C:\Windows\SYSTEM32\sechost.dll
0x000007fefd2b0000 - 0x000007fefd3dd000 	C:\Windows\system32\RPCRT4.dll
0x0000000077030000 - 0x000000007712a000 	C:\Windows\system32\USER32.dll
0x000007fefd3e0000 - 0x000007fefd447000 	C:\Windows\system32\GDI32.dll
0x000007fefe230000 - 0x000007fefe23e000 	C:\Windows\system32\LPK.dll
0x000007fefe480000 - 0x000007fefe549000 	C:\Windows\system32\USP10.dll
0x000007fefb760000 - 0x000007fefb954000 	C:\Windows\WinSxS\amd64_microsoft.windows.common-controls_6595b64144ccf1df_6.0.7601.18807_none_fa381d5f175bfb52\COMCTL32.dll
0x000007fefe400000 - 0x000007fefe471000 	C:\Windows\system32\SHLWAPI.dll
0x000007fefe350000 - 0x000007fefe37e000 	C:\Windows\system32\IMM32.DLL
0x000007fefe240000 - 0x000007fefe349000 	C:\Windows\system32\MSCTF.dll
0x0000000055f90000 - 0x0000000056062000 	C:\Program Files\Java\jdk1.7.0_51\jre\bin\msvcr100.dll
0x0000000052010000 - 0x00000000527d9000 	C:\Program Files\Java\jdk1.7.0_51\jre\bin\server\jvm.dll
0x000007fef7280000 - 0x000007fef7289000 	C:\Windows\system32\WSOCK32.dll
0x000007fefd450000 - 0x000007fefd49d000 	C:\Windows\system32\WS2_32.dll
0x000007feff350000 - 0x000007feff358000 	C:\Windows\system32\NSI.dll
0x000007fefb280000 - 0x000007fefb2bb000 	C:\Windows\system32\WINMM.dll
0x00000000772f0000 - 0x00000000772f7000 	C:\Windows\system32\PSAPI.DLL
0x0000000074b10000 - 0x0000000074b1f000 	C:\Program Files\Java\jdk1.7.0_51\jre\bin\verify.dll
0x0000000074930000 - 0x0000000074958000 	C:\Program Files\Java\jdk1.7.0_51\jre\bin\java.dll
0x0000000074910000 - 0x0000000074925000 	C:\Program Files\Java\jdk1.7.0_51\jre\bin\zip.dll
0x00000000747e0000 - 0x00000000747f9000 	C:\Program Files\Java\jdk1.7.0_51\jre\bin\net.dll
0x000007fefc720000 - 0x000007fefc775000 	C:\Windows\system32\mswsock.dll
0x000007fefc950000 - 0x000007fefc957000 	C:\Windows\System32\wship6.dll
0x00000000747c0000 - 0x00000000747d1000 	C:\Program Files\Java\jdk1.7.0_51\jre\bin\nio.dll

VM Arguments:
jvm_args: -Xmx1024M -Dfile.encoding=windows-1252 -Duser.country=US -Duser.language=en -Duser.variant 
java_command: com.android.dx.command.Main --dex --output C:\Users\Harsha\AndroidStudioProjects\MyDataTacker\app\build\intermediates\dex\debug C:\Users\Harsha\AndroidStudioProjects\MyDataTacker\app\build\intermediates\classes\debug C:\Users\Harsha\AndroidStudioProjects\MyDataTacker\app\build\intermediates\pre-dexed\debug\support-annotations-22.0.0-57dfa7af540105a92bba15ea2f945f434ca3632e.jar C:\Users\Harsha\AndroidStudioProjects\MyDataTacker\app\build\intermediates\pre-dexed\debug\achartengine-1.1.0-11bd382dff7d175463990711b212806f5065fa98.jar C:\Users\Harsha\AndroidStudioProjects\MyDataTacker\app\build\intermediates\pre-dexed\debug\internal_impl-22.0.0-368c1d3c54ea63a2411fc0fabd4177b74bcf186c.jar C:\Users\Harsha\AndroidStudioProjects\MyDataTacker\app\build\intermediates\pre-dexed\debug\classes-a11def08b729d018bce952be2b444143fd1a2fa9.jar C:\Users\Harsha\AndroidStudioProjects\MyDataTacker\app\build\intermediates\pre-dexed\debug\classes-ed29fe134caab5f6bf4f5e54071d7a662e512ea8.jar
Launcher Type: SUN_STANDARD

Environment Variables:
PATH=C:\ProgramData\Oracle\Java\javapath;C:\Program Files (x86)\Intel\iCLS Client\;C:\Program Files\Intel\iCLS Client\;C:\Windows\system32;C:\Windows;C:\Windows\System32\Wbem;C:\Program Files (x86)\Intel\OpenCL SDK\2.0\bin\x86;C:\Program Files (x86)\Intel\OpenCL SDK\2.0\bin\x64;C:\Program Files\Intel\WiFi\bin\;C:\Program Files\Common Files\Intel\WirelessCommon\;C:\SWTOOLS\ReadyApps;C:\Program Files (x86)\Common Files\Lenovo;C:\Program Files\Java\jdk1.7.0_51\bin;C:\Program Files (x86)\Lenovo\Access Connections\;C:\Program Files\Intel\Intel(R) Management Engine Components\DAL;C:\Program Files\Intel\Intel(R) Management Engine Components\IPT;C:\Program Files (x86)\Intel\Intel(R) Management Engine Components\DAL;C:\Program Files (x86)\Intel\Intel(R) Management Engine Components\IPT;C:\Program Files\Microsoft\Web Platform Installer\;C:\Program Files\Microsoft SQL Server\110\Tools\Binn\;C:\Program Files (x86)\SMLNJ\bin\;C:\Windows\System32\WindowsPowerShell\v1.0\;C:\Windows\System32\WindowsPowerShell\v1.0\;C:\xampp\php;C:\ProgramData\ComposerSetup\bin;C:\Users\Harsha\AppData\Roaming\Composer\vendor\bin;C:\Program Files\MongoDB 2.6 Standard\bin;C:\Program Files (x86)\Windows Kits\8.1\Windows Performance Toolkit\;C:\Program Files (x86)\Microsoft SDKs\TypeScript\1.0\;C:\Program Files\Microsoft SQL Server\120\Tools\Binn\;C:\Python27;C:\Program Files\nodejs\;C:\Program Files (x86)\Nmap;C:\Program Files (x86)\Nmap;C:\Users\Harsha\AppData\Roaming\npm
USERNAME=Harsha
OS=Windows_NT
PROCESSOR_IDENTIFIER=Intel64 Family 6 Model 58 Stepping 9, GenuineIntel



---------------  S Y S T E M  ---------------

OS: Windows 7 , 64 bit Build 7601 Service Pack 1

CPU:total 4 (2 cores per cpu, 2 threads per core) family 6 model 58 stepping 9, cmov, cx8, fxsr, mmx, sse, sse2, sse3, ssse3, sse4.1, sse4.2, popcnt, avx, aes, erms, ht, tsc, tscinvbit, tscinv

Memory: 4k page, physical 7943868k(1088984k free), swap 9043036k(10136k free)

vm_info: Java HotSpot(TM) 64-Bit Server VM (24.51-b03) for windows-amd64 JRE (1.7.0_51-b13), built on Dec 18 2013 18:40:56 by "java_re" with unknown MS VC++:1600

time: Wed May 20 22:51:31 2015
elapsed time: 3 seconds

